# JRE version: OpenJDK Runtime Environment (8.0_152-b01) (build 1.8.0_152-release-915-b01)
# Java VM: OpenJDK 64-Bit Server VM (25.152-b01 mixed mode windows-amd64 compressed oops)
Heap:
 PSYoungGen      total 392192K, used 384488K [0x00000000e0000000, 0x00000000fd300000, 0x0000000100000000)
  eden space 348160K, 97% used [0x00000000e0000000,0x00000000f4c7cd00,0x00000000f5400000)
  from space 44032K, 99% used [0x00000000f8e80000,0x00000000fb97d6f0,0x00000000fb980000)
  to   space 59904K, 0% used [0x00000000f5400000,0x00000000f5400000,0x00000000f8e80000)
 ParOldGen       total 131584K, used 87171K [0x00000000a0000000, 0x00000000a8080000, 0x00000000e0000000)
  object space 131584K, 66% used [0x00000000a0000000,0x00000000a5520c38,0x00000000a8080000)
 Metaspace       used 73492K, capacity 76592K, committed 76672K, reserved 1116160K
  class space    used 9527K, capacity 10333K, committed 10368K, reserved 1048576K
GC Heap History (10 events):
Event: 151.291 GC heap before
{Heap before GC invocations=15 (full 3):
 PSYoungGen      total 235008K, used 16267K [0x00000000e0000000, 0x00000000f1b80000, 0x0000000100000000)
  eden space 215040K, 0% used [0x00000000e0000000,0x00000000e0000000,0x00000000ed200000)
  from space 19968K, 81% used [0x00000000ee700000,0x00000000ef6e2fb0,0x00000000efa80000)
  to   space 21504K, 0% used [0x00000000ed200000,0x00000000ed200000,0x00000000ee700000)
 ParOldGen       total 102912K, used 29854K [0x00000000a0000000, 0x00000000a6480000, 0x00000000e0000000)
  object space 102912K, 29% used [0x00000000a0000000,0x00000000a1d27a20,0x00000000a6480000)
 Metaspace       used 57160K, capacity 58820K, committed 59008K, reserved 1099776K
  class space    used 7558K, capacity 8035K, committed 8064K, reserved 1048576K
Event: 151.415 GC heap after
Heap after GC invocations=15 (full 3):
 PSYoungGen      total 235008K, used 0K [0x00000000e0000000, 0x00000000f1b80000, 0x0000000100000000)
  eden space 215040K, 0% used [0x00000000e0000000,0x00000000e0000000,0x00000000ed200000)
  from space 19968K, 0% used [0x00000000ee700000,0x00000000ee700000,0x00000000efa80000)
  to   space 21504K, 0% used [0x00000000ed200000,0x00000000ed200000,0x00000000ee700000)
 ParOldGen       total 131584K, used 32969K [0x00000000a0000000, 0x00000000a8080000, 0x00000000e0000000)
  object space 131584K, 25% used [0x00000000a0000000,0x00000000a2032728,0x00000000a8080000)
 Metaspace       used 57113K, capacity 58682K, committed 59008K, reserved 1099776K
  class space    used 7544K, capacity 7989K, committed 8064K, reserved 1048576K
}
Event: 166.173 GC heap before
{Heap before GC invocations=16 (full 3):
 PSYoungGen      total 235008K, used 215040K [0x00000000e0000000, 0x00000000f1b80000, 0x0000000100000000)
  eden space 215040K, 100% used [0x00000000e0000000,0x00000000ed200000,0x00000000ed200000)
  from space 19968K, 0% used [0x00000000ee700000,0x00000000ee700000,0x00000000efa80000)
  to   space 21504K, 0% used [0x00000000ed200000,0x00000000ed200000,0x00000000ee700000)
 ParOldGen       total 131584K, used 32969K [0x00000000a0000000, 0x00000000a8080000, 0x00000000e0000000)
  object space 131584K, 25% used [0x00000000a0000000,0x00000000a2032728,0x00000000a8080000)
 Metaspace       used 62874K, capacity 65120K, committed 65280K, reserved 1105920K
  class space    used 8521K, capacity 9117K, committed 9216K, reserved 1048576K
Event: 166.195 GC heap after
Heap after GC invocations=16 (full 3):
 PSYoungGen      total 236544K, used 20337K [0x00000000e0000000, 0x00000000f4c00000, 0x0000000100000000)
  eden space 215040K, 0% used [0x00000000e0000000,0x00000000e0000000,0x00000000ed200000)
  from space 21504K, 94% used [0x00000000ed200000,0x00000000ee5dc498,0x00000000ee700000)
  to   space 24064K, 0% used [0x00000000f3480000,0x00000000f3480000,0x00000000f4c00000)
 ParOldGen       total 131584K, used 32977K [0x00000000a0000000, 0x00000000a8080000, 0x00000000e0000000)
  object space 131584K, 25% used [0x00000000a0000000,0x00000000a2034728,0x00000000a8080000)
 Metaspace       used 62874K, capacity 65120K, committed 65280K, reserved 1105920K
  class space    used 8521K, capacity 9117K, committed 9216K, reserved 1048576K
}
Event: 203.845 GC heap before
{Heap before GC invocations=17 (full 3):
 PSYoungGen      total 236544K, used 235377K [0x00000000e0000000, 0x00000000f4c00000, 0x0000000100000000)
  eden space 215040K, 100% used [0x00000000e0000000,0x00000000ed200000,0x00000000ed200000)
  from space 21504K, 94% used [0x00000000ed200000,0x00000000ee5dc498,0x00000000ee700000)
  to   space 24064K, 0% used [0x00000000f3480000,0x00000000f3480000,0x00000000f4c00000)
 ParOldGen       total 131584K, used 32977K [0x00000000a0000000, 0x00000000a8080000, 0x00000000e0000000)
  object space 131584K, 25% used [0x00000000a0000000,0x00000000a2034728,0x00000000a8080000)
 Metaspace       used 64940K, capacity 67262K, committed 67456K, reserved 1107968K
  class space    used 8713K, capacity 9332K, committed 9344K, reserved 1048576K
Event: 203.871 GC heap after
Heap after GC invocations=17 (full 3):
 PSYoungGen      total 307200K, used 24032K [0x00000000e0000000, 0x00000000f4e80000, 0x0000000100000000)
  eden space 283136K, 0% used [0x00000000e0000000,0x00000000e0000000,0x00000000f1480000)
  from space 24064K, 99% used [0x00000000f3480000,0x00000000f4bf8010,0x00000000f4c00000)
  to   space 29696K, 0% used [0x00000000f1480000,0x00000000f1480000,0x00000000f3180000)
 ParOldGen       total 131584K, used 38444K [0x00000000a0000000, 0x00000000a8080000, 0x00000000e0000000)
  object space 131584K, 29% used [0x00000000a0000000,0x00000000a258b318,0x00000000a8080000)
 Metaspace       used 64940K, capacity 67262K, committed 67456K, reserved 1107968K
  class space    used 8713K, capacity 9332K, committed 9344K, reserved 1048576K
}
Event: 219.740 GC heap before
{Heap before GC invocations=18 (full 3):
 PSYoungGen      total 307200K, used 307168K [0x00000000e0000000, 0x00000000f4e80000, 0x0000000100000000)
  eden space 283136K, 100% used [0x00000000e0000000,0x00000000f1480000,0x00000000f1480000)
  from space 24064K, 99% used [0x00000000f3480000,0x00000000f4bf8010,0x00000000f4c00000)
  to   space 29696K, 0% used [0x00000000f1480000,0x00000000f1480000,0x00000000f3180000)
 ParOldGen       total 131584K, used 38444K [0x00000000a0000000, 0x00000000a8080000, 0x00000000e0000000)
  object space 131584K, 29% used [0x00000000a0000000,0x00000000a258b318,0x00000000a8080000)
 Metaspace       used 70453K, capacity 73362K, committed 73600K, reserved 1112064K
  class space    used 9261K, capacity 10036K, committed 10112K, reserved 1048576K
Event: 219.802 GC heap after
Heap after GC invocations=18 (full 3):
 PSYoungGen      total 312832K, used 29686K [0x00000000e0000000, 0x00000000fb980000, 0x0000000100000000)
  eden space 283136K, 0% used [0x00000000e0000000,0x00000000e0000000,0x00000000f1480000)
  from space 29696K, 99% used [0x00000000f1480000,0x00000000f317db78,0x00000000f3180000)
  to   space 44032K, 0% used [0x00000000f8e80000,0x00000000f8e80000,0x00000000fb980000)
 ParOldGen       total 131584K, used 65082K [0x00000000a0000000, 0x00000000a8080000, 0x00000000e0000000)
  object space 131584K, 49% used [0x00000000a0000000,0x00000000a3f8eb60,0x00000000a8080000)
 Metaspace       used 70453K, capacity 73362K, committed 73600K, reserved 1112064K
  class space    used 9261K, capacity 10036K, committed 10112K, reserved 1048576K
}
Event: 234.324 GC heap before
{Heap before GC invocations=19 (full 3):
 PSYoungGen      total 312832K, used 312822K [0x00000000e0000000, 0x00000000fb980000, 0x0000000100000000)
  eden space 283136K, 100% used [0x00000000e0000000,0x00000000f1480000,0x00000000f1480000)
  from space 29696K, 99% used [0x00000000f1480000,0x00000000f317db78,0x00000000f3180000)
  to   space 44032K, 0% used [0x00000000f8e80000,0x00000000f8e80000,0x00000000fb980000)
 ParOldGen       total 131584K, used 65082K [0x00000000a0000000, 0x00000000a8080000, 0x00000000e0000000)
  object space 131584K, 49% used [0x00000000a0000000,0x00000000a3f8eb60,0x00000000a8080000)
 Metaspace       used 71642K, capacity 74646K, committed 74752K, reserved 1114112K
  class space    used 9371K, capacity 10180K, committed 10240K, reserved 1048576K
Event: 234.423 GC heap after
Heap after GC invocations=19 (full 3):
 PSYoungGen      total 392192K, used 44021K [0x00000000e0000000, 0x00000000fd300000, 0x0000000100000000)
  eden space 348160K, 0% used [0x00000000e0000000,0x00000000e0000000,0x00000000f5400000)
  from space 44032K, 99% used [0x00000000f8e80000,0x00000000fb97d6f0,0x00000000fb980000)
  to   space 59904K, 0% used [0x00000000f5400000,0x00000000f5400000,0x00000000f8e80000)
 ParOldGen       total 131584K, used 87171K [0x00000000a0000000, 0x00000000a8080000, 0x00000000e0000000)
  object space 131584K, 66% used [0x00000000a0000000,0x00000000a5520c38,0x00000000a8080000)
 Metaspace       used 71642K, capacity 74646K, committed 74752K, reserved 1114112K
  class space    used 9371K, capacity 10180K, committed 10240K, reserved 1048576K
}

