# JRE version: OpenJDK Runtime Environment (8.0_152-b01) (build 1.8.0_152-release-915-b01)
# Java VM: OpenJDK 64-Bit Server VM (25.152-b01 mixed mode windows-amd64 compressed oops)
Heap:
 PSYoungGen      total 297984K, used 62149K [0x00000000e0000000, 0x00000000f5280000, 0x0000000100000000)
  eden space 283136K, 16% used [0x00000000e0000000,0x00000000e2e9d1f0,0x00000000f1480000)
  from space 14848K, 97% used [0x00000000f4400000,0x00000000f5214300,0x00000000f5280000)
  to   space 29696K, 0% used [0x00000000f1880000,0x00000000f1880000,0x00000000f3580000)
 ParOldGen       total 159232K, used 50041K [0x00000000a0000000, 0x00000000a9b80000, 0x00000000e0000000)
  object space 159232K, 31% used [0x00000000a0000000,0x00000000a30de718,0x00000000a9b80000)
 Metaspace       used 62466K, capacity 65358K, committed 65496K, reserved 1105920K
  class space    used 8360K, capacity 9125K, committed 9216K, reserved 1048576K
GC Heap History (10 events):
Event: 9.984 GC heap before
{Heap before GC invocations=9 (full 2):
 PSYoungGen      total 181248K, used 167936K [0x00000000e0000000, 0x00000000ee800000, 0x0000000100000000)
  eden space 167936K, 100% used [0x00000000e0000000,0x00000000ea400000,0x00000000ea400000)
  from space 13312K, 0% used [0x00000000eb080000,0x00000000eb080000,0x00000000ebd80000)
  to   space 12800K, 0% used [0x00000000ea400000,0x00000000ea400000,0x00000000eb080000)
 ParOldGen       total 94208K, used 16237K [0x00000000a0000000, 0x00000000a5c00000, 0x00000000e0000000)
  object space 94208K, 17% used [0x00000000a0000000,0x00000000a0fdb7f0,0x00000000a5c00000)
 Metaspace       used 47568K, capacity 48792K, committed 49112K, reserved 1091584K
  class space    used 6412K, capacity 6799K, committed 6912K, reserved 1048576K
Event: 9.999 GC heap after
Heap after GC invocations=9 (full 2):
 PSYoungGen      total 180736K, used 12788K [0x00000000e0000000, 0x00000000f0f00000, 0x0000000100000000)
  eden space 167936K, 0% used [0x00000000e0000000,0x00000000e0000000,0x00000000ea400000)
  from space 12800K, 99% used [0x00000000ea400000,0x00000000eb07d300,0x00000000eb080000)
  to   space 16896K, 0% used [0x00000000efe80000,0x00000000efe80000,0x00000000f0f00000)
 ParOldGen       total 94208K, used 20863K [0x00000000a0000000, 0x00000000a5c00000, 0x00000000e0000000)
  object space 94208K, 22% used [0x00000000a0000000,0x00000000a145fe48,0x00000000a5c00000)
 Metaspace       used 47568K, capacity 48792K, committed 49112K, reserved 1091584K
  class space    used 6412K, capacity 6799K, committed 6912K, reserved 1048576K
}
Event: 11.899 GC heap before
{Heap before GC invocations=10 (full 2):
 PSYoungGen      total 180736K, used 180724K [0x00000000e0000000, 0x00000000f0f00000, 0x0000000100000000)
  eden space 167936K, 100% used [0x00000000e0000000,0x00000000ea400000,0x00000000ea400000)
  from space 12800K, 99% used [0x00000000ea400000,0x00000000eb07d300,0x00000000eb080000)
  to   space 16896K, 0% used [0x00000000efe80000,0x00000000efe80000,0x00000000f0f00000)
 ParOldGen       total 94208K, used 20863K [0x00000000a0000000, 0x00000000a5c00000, 0x00000000e0000000)
  object space 94208K, 22% used [0x00000000a0000000,0x00000000a145fe48,0x00000000a5c00000)
 Metaspace       used 54381K, capacity 56144K, committed 56280K, reserved 1097728K
  class space    used 7433K, capacity 7891K, committed 7936K, reserved 1048576K
Event: 11.924 GC heap after
Heap after GC invocations=10 (full 2):
 PSYoungGen      total 254464K, used 16893K [0x00000000e0000000, 0x00000000f1c80000, 0x0000000100000000)
  eden space 237568K, 0% used [0x00000000e0000000,0x00000000e0000000,0x00000000ee800000)
  from space 16896K, 99% used [0x00000000efe80000,0x00000000f0eff4e0,0x00000000f0f00000)
  to   space 23040K, 0% used [0x00000000ee800000,0x00000000ee800000,0x00000000efe80000)
 ParOldGen       total 94208K, used 28728K [0x00000000a0000000, 0x00000000a5c00000, 0x00000000e0000000)
  object space 94208K, 30% used [0x00000000a0000000,0x00000000a1c0e2c8,0x00000000a5c00000)
 Metaspace       used 54381K, capacity 56144K, committed 56280K, reserved 1097728K
  class space    used 7433K, capacity 7891K, committed 7936K, reserved 1048576K
}
Event: 16.178 GC heap before
{Heap before GC invocations=11 (full 2):
 PSYoungGen      total 254464K, used 198626K [0x00000000e0000000, 0x00000000f1c80000, 0x0000000100000000)
  eden space 237568K, 76% used [0x00000000e0000000,0x00000000eb179568,0x00000000ee800000)
  from space 16896K, 99% used [0x00000000efe80000,0x00000000f0eff4e0,0x00000000f0f00000)
  to   space 23040K, 0% used [0x00000000ee800000,0x00000000ee800000,0x00000000efe80000)
 ParOldGen       total 94208K, used 28728K [0x00000000a0000000, 0x00000000a5c00000, 0x00000000e0000000)
  object space 94208K, 30% used [0x00000000a0000000,0x00000000a1c0e2c8,0x00000000a5c00000)
 Metaspace       used 56750K, capacity 58940K, committed 59028K, reserved 1099776K
  class space    used 7783K, capacity 8416K, committed 8448K, reserved 1048576K
Event: 16.213 GC heap after
Heap after GC invocations=11 (full 2):
 PSYoungGen      total 260608K, used 23008K [0x00000000e0000000, 0x00000000f6280000, 0x0000000100000000)
  eden space 237568K, 0% used [0x00000000e0000000,0x00000000e0000000,0x00000000ee800000)
  from space 23040K, 99% used [0x00000000ee800000,0x00000000efe78210,0x00000000efe80000)
  to   space 31232K, 0% used [0x00000000f4400000,0x00000000f4400000,0x00000000f6280000)
 ParOldGen       total 94208K, used 40784K [0x00000000a0000000, 0x00000000a5c00000, 0x00000000e0000000)
  object space 94208K, 43% used [0x00000000a0000000,0x00000000a27d43e0,0x00000000a5c00000)
 Metaspace       used 56750K, capacity 58940K, committed 59028K, reserved 1099776K
  class space    used 7783K, capacity 8416K, committed 8448K, reserved 1048576K
}
Event: 16.213 GC heap before
{Heap before GC invocations=12 (full 3):
 PSYoungGen      total 260608K, used 23008K [0x00000000e0000000, 0x00000000f6280000, 0x0000000100000000)
  eden space 237568K, 0% used [0x00000000e0000000,0x00000000e0000000,0x00000000ee800000)
  from space 23040K, 99% used [0x00000000ee800000,0x00000000efe78210,0x00000000efe80000)
  to   space 31232K, 0% used [0x00000000f4400000,0x00000000f4400000,0x00000000f6280000)
 ParOldGen       total 94208K, used 40784K [0x00000000a0000000, 0x00000000a5c00000, 0x00000000e0000000)
  object space 94208K, 43% used [0x00000000a0000000,0x00000000a27d43e0,0x00000000a5c00000)
 Metaspace       used 56750K, capacity 58940K, committed 59028K, reserved 1099776K
  class space    used 7783K, capacity 8416K, committed 8448K, reserved 1048576K
Event: 16.433 GC heap after
Heap after GC invocations=12 (full 3):
 PSYoungGen      total 260608K, used 0K [0x00000000e0000000, 0x00000000f6280000, 0x0000000100000000)
  eden space 237568K, 0% used [0x00000000e0000000,0x00000000e0000000,0x00000000ee800000)
  from space 23040K, 0% used [0x00000000ee800000,0x00000000ee800000,0x00000000efe80000)
  to   space 31232K, 0% used [0x00000000f4400000,0x00000000f4400000,0x00000000f6280000)
 ParOldGen       total 159232K, used 50033K [0x00000000a0000000, 0x00000000a9b80000, 0x00000000e0000000)
  object space 159232K, 31% used [0x00000000a0000000,0x00000000a30dc718,0x00000000a9b80000)
 Metaspace       used 56750K, capacity 58940K, committed 59028K, reserved 1099776K
  class space    used 7783K, capacity 8416K, committed 8448K, reserved 1048576K
}
Event: 37.970 GC heap before
{Heap before GC invocations=13 (full 3):
 PSYoungGen      total 260608K, used 237568K [0x00000000e0000000, 0x00000000f6280000, 0x0000000100000000)
  eden space 237568K, 100% used [0x00000000e0000000,0x00000000ee800000,0x00000000ee800000)
  from space 23040K, 0% used [0x00000000ee800000,0x00000000ee800000,0x00000000efe80000)
  to   space 31232K, 0% used [0x00000000f4400000,0x00000000f4400000,0x00000000f6280000)
 ParOldGen       total 159232K, used 50033K [0x00000000a0000000, 0x00000000a9b80000, 0x00000000e0000000)
  object space 159232K, 31% used [0x00000000a0000000,0x00000000a30dc718,0x00000000a9b80000)
 Metaspace       used 62366K, capacity 65258K, committed 65496K, reserved 1105920K
  class space    used 8350K, capacity 9117K, committed 9216K, reserved 1048576K
Event: 37.988 GC heap after
Heap after GC invocations=13 (full 3):
 PSYoungGen      total 297984K, used 14416K [0x00000000e0000000, 0x00000000f5280000, 0x0000000100000000)
  eden space 283136K, 0% used [0x00000000e0000000,0x00000000e0000000,0x00000000f1480000)
  from space 14848K, 97% used [0x00000000f4400000,0x00000000f5214300,0x00000000f5280000)
  to   space 29696K, 0% used [0x00000000f1880000,0x00000000f1880000,0x00000000f3580000)
 ParOldGen       total 159232K, used 50041K [0x00000000a0000000, 0x00000000a9b80000, 0x00000000e0000000)
  object space 159232K, 31% used [0x00000000a0000000,0x00000000a30de718,0x00000000a9b80000)
 Metaspace       used 62366K, capacity 65258K, committed 65496K, reserved 1105920K
  class space    used 8350K, capacity 9117K, committed 9216K, reserved 1048576K
}

